Installing Doom Emacs!

✓ Created ~/.config/doom/
  - Creating ~/.config/doom/init.el...
  ✓ Done!
  - Creating ~/.config/doom/config.el...
  ✓ Done!
  - Creating ~/.config/doom/packages.el...
  ✓ Done!
> Generating envvars file
  ✓ Generated ~/.config/emacs/.local/env
> Installing plugins
  > Installing straight...
  > Ensuring packages are installed and built...
    > Updating recipe repos...
      > Updating recipes for melpa...
      > Updating recipes for nongnu-elpa...
      > Updating recipes for gnu-elpa-mirror...
      > Updating recipes for el-get...
      > Updating recipes for emacsmirror-mirror...
    > Cloning link-hint.el...
      - Checked out 9153eafc776549376bb85d9ff555fef83aca8285
    > Building link-hint...
    > Building link-hint > Cloning avy...
      - Checked out be612110cb116a38b8603df367942e2bb3d9bdbe
    > Building link-hint > Building avy...
      INFO     Scraping files for loaddefs... 
      INFO     Scraping files for loaddefs...done
      GEN      avy-autoloads.el
    > Building link-hint...
      INFO     Scraping files for loaddefs... 
      INFO     Scraping files for loaddefs...done
      GEN      link-hint-autoloads.el
    > Cloning ob-async...
      - Pinned to 9aac486073f5c356ada20e716571be33a350a982
    > Building ob-async...
    > Building ob-async > Cloning emacs-async...
      - Pinned to 9aac486073f5c356ada20e716571be33a350a982
    > Building ob-async > Building async...
      INFO     Scraping files for loaddefs... 
      INFO     Scraping files for loaddefs...done
      GEN      async-autoloads.el
    > Building ob-async > Cloning org...
      - Pinned to 9aac486073f5c356ada20e716571be33a350a982
    > Building ob-async > Building org...
      INFO     Scraping files for loaddefs... 
      INFO     Scraping files for loaddefs...done
      GEN      org-loaddefs.el
      GEN      org-autoloads.el
    > Building ob-async > Cloning dash.el...
      - Pinned to 9aac486073f5c356ada20e716571be33a350a982
    > Building ob-async > Building dash...
      INFO     Scraping files for loaddefs... 
      INFO     Scraping files for loaddefs...done
      GEN      dash-autoloads.el
    > Building ob-async...
      INFO     Scraping files for loaddefs... 
      INFO     Scraping files for loaddefs...done
      GEN      ob-async-autoloads.el
    > Cloning orgit...
      - Pinned to 59d21fdb21f84238c3172d37fdd2446b753e98dc
    > Building orgit...
    > Building orgit > Cloning compat...
      - Pinned to 59d21fdb21f84238c3172d37fdd2446b753e98dc
    > Building orgit > Building compat...
    > Building orgit > Building compat > Cloning seq...
      - Pinned to 59d21fdb21f84238c3172d37fdd2446b753e98dc
    > Building orgit > Building compat > Building seq...
      INFO     Scraping files for loaddefs... 
      INFO     Scraping files for loaddefs...done
      GEN      seq-autoloads.el
    > Building orgit > Building compat...
      INFO     Scraping files for loaddefs... 
      INFO     Scraping files for loaddefs...done
    > Building orgit > Cloning magit...
      - Pinned to 59d21fdb21f84238c3172d37fdd2446b753e98dc
    > Building orgit > Building magit...
    > Building orgit > Building magit > Building magit-section...
      INFO     Scraping files for loaddefs... 
      INFO     Scraping files for loaddefs...done
      GEN      magit-section-autoloads.el
    > Building orgit > Building magit > Cloning transient...
      - Pinned to 59d21fdb21f84238c3172d37fdd2446b753e98dc
    > Building orgit > Building magit > Building transient...
      INFO     Scraping files for loaddefs... 
      INFO     Scraping files for loaddefs...done
      GEN      transient-autoloads.el
    > Building orgit > Building magit > Cloning with-editor...
      - Pinned to 59d21fdb21f84238c3172d37fdd2446b753e98dc
    > Building orgit > Building magit > Building with-editor...
      INFO     Scraping files for loaddefs... 
      INFO     Scraping files for loaddefs...done
      GEN      with-editor-autoloads.el
    > Building orgit > Building magit...
      INFO     Scraping files for loaddefs... 
      INFO     Scraping files for loaddefs...done
      GEN      magit-autoloads.el
    > Building orgit...
      INFO     Scraping files for loaddefs... 
      INFO     Scraping files for loaddefs...done
      GEN      orgit-autoloads.el
    > Cloning evil-org-mode (for evil-org)...
      - Checked out 06518c65ff4f7aea2ea51149d701549dcbccce5d
    > Building evil-org...
    > Building evil-org > Cloning evil...
      - Checked out 5db0bdc7dcd9300b983526d37cbe480f35e36211
    > Building evil-org > Building evil...
    > Building evil-org > Building evil > Cloning goto-chg...
    > Building evil-org > Building evil > Building goto-chg...
      INFO     Scraping files for loaddefs... 
      INFO     Scraping files for loaddefs...done
      GEN      goto-chg-autoloads.el
    > Building evil-org > Building evil...
      INFO     Scraping files for loaddefs... 
      INFO     Scraping files for loaddefs...done
      GEN      evil-autoloads.el
    > Building evil-org...
      INFO     Scraping files for loaddefs... 
      INFO     Scraping files for loaddefs...done
      GEN      evil-org-autoloads.el
    > Cloning org-cliplink...
      - Pinned to 13e0940b65d22bec34e2de4bc8cba1412a7abfbc
    > Building org-cliplink...
      INFO     Scraping files for loaddefs... 
      INFO     Scraping files for loaddefs...done
      GEN      org-cliplink-autoloads.el
    > Cloning toc-org...
      - Pinned to 6d3ae0fc47ce79b1ea06cabe21a3c596395409cd
    > Building toc-org...
      INFO     Scraping files for loaddefs... 
      INFO     Scraping files for loaddefs...done
      GEN      toc-org-autoloads.el
    > Cloning ox-clip...
      - Pinned to a549cc8e1747beb6b7e567ffac27e31ba45cb8e8
    > Building ox-clip...
    > Building ox-clip > Cloning emacs-htmlize...
      - Pinned to a549cc8e1747beb6b7e567ffac27e31ba45cb8e8
    > Building ox-clip > Building htmlize...
      INFO     Scraping files for loaddefs... 
      INFO     Scraping files for loaddefs...done
      GEN      htmlize-autoloads.el
    > Building ox-clip...
      INFO     Scraping files for loaddefs... 
      INFO     Scraping files for loaddefs...done
      GEN      ox-clip-autoloads.el
    > Cloning org-contrib...
      - Pinned to ccd4212866fb1be70d1f15a41264c45a281901ad
    > Building org-contrib...
      INFO     Scraping files for loaddefs... 
      INFO     Scraping files for loaddefs...done
      GEN      org-contrib-autoloads.el
    > Cloning evil-markdown...
      - Pinned to 8e6cc68af83914b2fa9fd3a3b8472573dbcef477
    > Building evil-markdown...
      INFO     Scraping files for loaddefs... 
      INFO     Scraping files for loaddefs...done
      GEN      evil-markdown-autoloads.el
    > Cloning edit-indirect...
      - Pinned to 82a28d8a85277cfe453af464603ea330eae41c05
    > Building edit-indirect...
      INFO     Scraping files for loaddefs... 
      INFO     Scraping files for loaddefs...done
      GEN      edit-indirect-autoloads.el
    > Cloning markdown-toc...
      - Pinned to 3d724e518a897343b5ede0b976d6fb46c46bcc01
    > Building markdown-toc...
    > Building markdown-toc > Cloning s.el...
      - Pinned to 3d724e518a897343b5ede0b976d6fb46c46bcc01
    > Building markdown-toc > Building s...
      INFO     Scraping files for loaddefs... 
      INFO     Scraping files for loaddefs...done
    > Building markdown-toc > Cloning markdown-mode...
      - Pinned to 3d724e518a897343b5ede0b976d6fb46c46bcc01
    > Building markdown-toc > Building markdown-mode...
      INFO     Scraping files for loaddefs... 
      INFO     Scraping files for loaddefs...done
      GEN      markdown-mode-autoloads.el
    > Building markdown-toc...
      INFO     Scraping files for loaddefs... 
      INFO     Scraping files for loaddefs...done
      GEN      markdown-toc-autoloads.el
    > Cloning emacs-buttercup...
      - Checked out bf01a33f8bc2d3664121d3b20f7496e67ce55e6a
    > Building buttercup...
      INFO     Scraping files for loaddefs... 
      INFO     Scraping files for loaddefs...done
      GEN      buttercup-autoloads.el
    > Cloning flycheck-cask...
      - Pinned to 0eeec5197e9d31bfcfc39380b262d65259a87d91
    > Building flycheck-cask...
    > Building flycheck-cask > Cloning flycheck...
      - Pinned to 0eeec5197e9d31bfcfc39380b262d65259a87d91
    > Building flycheck-cask > Building flycheck...
      INFO     Scraping files for loaddefs... 
      INFO     Scraping files for loaddefs...done
      GEN      flycheck-autoloads.el
    > Building flycheck-cask...
      INFO     Scraping files for loaddefs... 
      INFO     Scraping files for loaddefs...done
      GEN      flycheck-cask-autoloads.el
    > Cloning flycheck-package...
      - Pinned to 75efa098cf17dc14c363e2ca9b68afdac7766b5b
    > Building flycheck-package...
    > Building flycheck-package > Cloning package-lint...
      - Pinned to 75efa098cf17dc14c363e2ca9b68afdac7766b5b
    > Building flycheck-package > Building package-lint...
      INFO     Scraping files for loaddefs... 
      INFO     Scraping files for loaddefs...done
      GEN      package-lint-autoloads.el
    > Building flycheck-package...
      INFO     Scraping files for loaddefs... 
      INFO     Scraping files for loaddefs...done
      GEN      flycheck-package-autoloads.el
    > Cloning elisp-demos...
      - Pinned to 1a108d1c5011f9ced58be2ca98bea1fbd4130a2f
    > Building elisp-demos...
      INFO     Scraping files for loaddefs... 
      INFO     Scraping files for loaddefs...done
      GEN      elisp-demos-autoloads.el
    > Cloning elisp-def...
      - Pinned to 1ad4baccbf3d0d13e7607d332ae6bc60a5dd7360
    > Building elisp-def...
    > Building elisp-def > Cloning f.el...
      - Pinned to 1ad4baccbf3d0d13e7607d332ae6bc60a5dd7360
    > Building elisp-def > Building f...
      INFO     Scraping files for loaddefs... 
      INFO     Scraping files for loaddefs...done
    > Building elisp-def...
      INFO     Scraping files for loaddefs... 
      INFO     Scraping files for loaddefs...done
      GEN      elisp-def-autoloads.el
    > Cloning overseer.el...
      - Checked out 7fdcf1a6fba6b1569a09c1666b4e51bcde266ed9
    > Building overseer...
    > Building overseer > Cloning pkg-info...
    > Building overseer > Building pkg-info...
    > Building overseer > Building pkg-info > Cloning epl...
    > Building overseer > Building pkg-info > Building epl...
      INFO     Scraping files for loaddefs... 
      INFO     Scraping files for loaddefs...done
    > Building overseer > Building pkg-info...
      INFO     Scraping files for loaddefs... 
      INFO     Scraping files for loaddefs...done
      GEN      pkg-info-autoloads.el
    > Building overseer...
      INFO     Scraping files for loaddefs... 
      INFO     Scraping files for loaddefs...done
      GEN      overseer-autoloads.el
    > Cloning macrostep...
      - Pinned to 4939d88779761e8b5461b4cf73f86600172987db
    > Building macrostep...
      INFO     Scraping files for loaddefs... 
      INFO     Scraping files for loaddefs...done
      GEN      macrostep-autoloads.el
    > Cloning helpful...
      - Pinned to 4ba24cac9fb14d5fdc32582cd947572040e82b2c
    > Building helpful...
    > Building helpful > Cloning elisp-refs...
      - Pinned to 4ba24cac9fb14d5fdc32582cd947572040e82b2c
    > Building helpful > Building elisp-refs...
      INFO     Scraping files for loaddefs... 
      INFO     Scraping files for loaddefs...done
      GEN      elisp-refs-autoloads.el
    > Building helpful...
      INFO     Scraping files for loaddefs... 
      INFO     Scraping files for loaddefs...done
      GEN      helpful-autoloads.el
    > Cloning highlight-quoted...
      - Pinned to 24103478158cd19fbcfb4339a3f1fa1f054f1469
    > Building highlight-quoted...
      INFO     Scraping files for loaddefs... 
      INFO     Scraping files for loaddefs...done
      GEN      highlight-quoted-autoloads.el
    > Cloning emacs-request...
      - Checked out 01e338c335c07e4407239619e57361944a82cb8a
    > Building request...
      INFO     Scraping files for loaddefs... 
      INFO     Scraping files for loaddefs...done
      GEN      request-autoloads.el
    > Cloning dumb-jump...
      - Pinned to cd65a743370ac7b1a12e9ef0a7371b285a2597fb
    > Building dumb-jump...
    > Building dumb-jump > Cloning popup-el (for popup)...
      - Pinned to cd65a743370ac7b1a12e9ef0a7371b285a2597fb
    > Building dumb-jump > Building popup...
      INFO     Scraping files for loaddefs... 
      INFO     Scraping files for loaddefs...done
    > Building dumb-jump...
      INFO     Scraping files for loaddefs... 
      INFO     Scraping files for loaddefs...done
      GEN      dumb-jump-autoloads.el
    > Cloning eros...
      - Pinned to a9a92bdc6be0521a6a06eb464be55ed61946639c
    > Building eros...
      INFO     Scraping files for loaddefs... 
      INFO     Scraping files for loaddefs...done
      GEN      eros-autoloads.el
    > Cloning quickrun...
      - Pinned to c58e2e4be58416fbb467b3bb191470a61408751c
    > Building quickrun...
    > Building quickrun > Cloning ht.el...
      - Pinned to c58e2e4be58416fbb467b3bb191470a61408751c
    > Building quickrun > Building ht...
      INFO     Scraping files for loaddefs... 
      INFO     Scraping files for loaddefs...done
    > Building quickrun...
      INFO     Scraping files for loaddefs... 
      INFO     Scraping files for loaddefs...done
      GEN      quickrun-autoloads.el
    > Cloning flycheck-popup-tip...
      - Pinned to ef86aad907f27ca076859d8d9416f4f7727619c6
    > Building flycheck-popup-tip...
      INFO     Scraping files for loaddefs... 
      INFO     Scraping files for loaddefs...done
      GEN      flycheck-popup-tip-autoloads.el
    > Cloning git-modes...
      - Pinned to f99010bbeb8b6d8a0819fac0195a2ef0159d08f0
    > Building git-modes...
      INFO     Scraping files for loaddefs... 
      INFO     Scraping files for loaddefs...done
      GEN      git-modes-autoloads.el
    > Cloning git-timemachine...
      - Pinned to 3780835fcd67c3703ffa768206121851e6895ece
    > Building git-timemachine...
      INFO     Scraping files for loaddefs... 
      INFO     Scraping files for loaddefs...done
      GEN      git-timemachine-autoloads.el
    > Cloning browse-at-remote...
      - Pinned to 76aa27dfd469fcae75ed7031bb73830831aaccbf
    > Building browse-at-remote...
      INFO     Scraping files for loaddefs... 
      INFO     Scraping files for loaddefs...done
      GEN      browse-at-remote-autoloads.el
    > Cloning vundo...
      - Pinned to 5374125dc0aaf1769bb0965344befb90f809ccfc
    > Building vundo...
      INFO     Scraping files for loaddefs... 
      INFO     Scraping files for loaddefs...done
      GEN      vundo-autoloads.el
    > Cloning emacs-undo-fu-session...
      - Checked out beb0e285d074145eaf481a959c903b77c19ae91e
    > Building undo-fu-session...
      INFO     Scraping files for loaddefs... 
    undo-fu-session: Warning: Unknown defun property ‘important-return-value’
    undo-fu-session: Warning: Unknown defun property ‘important-return-value’
    undo-fu-session: Warning: Unknown defun property ‘important-return-value’
      INFO     Scraping files for loaddefs...done
      GEN      undo-fu-session-autoloads.el
    > Cloning emacs-undo-fu...
      - Checked out dbb3e4b699dd488497ef9b32a04b8e928a6bc8ef
    > Building undo-fu...
      INFO     Scraping files for loaddefs... 
    undo-fu: Warning: Unknown defun property ‘important-return-value’
    undo-fu: Warning: Unknown defun property ‘important-return-value’
    undo-fu: Warning: Unknown defun property ‘important-return-value’
    undo-fu: Warning: Unknown defun property ‘important-return-value’
      INFO     Scraping files for loaddefs...done
      GEN      undo-fu-autoloads.el
    > Cloning diredfl...
      - Pinned to f6d599c30875ab4894c1deab9713ff2faea54e06
    > Building diredfl...
      INFO     Scraping files for loaddefs... 
      INFO     Scraping files for loaddefs...done
      GEN      diredfl-autoloads.el
    > Cloning dirvish...
      - Pinned to 5f046190e886fb0a2dae7e884cc7cd9bcf48ac26
    > Building dirvish...
      INFO     Scraping files for loaddefs... 
      INFO     Scraping files for loaddefs...done
      GEN      dirvish-autoloads.el
    > Cloning snippets (for doom-snippets)...
      - Checked out b672e69bbf5623e8af0fed27b23a1093fa217315
    > Building doom-snippets...
    > Building doom-snippets > Cloning yasnippet...
      - Checked out eb5ba2664c3a68ae4a53bb38b85418dd131b208f
    > Building doom-snippets > Building yasnippet...
      INFO     Scraping files for loaddefs... 
      INFO     Scraping files for loaddefs...done
      GEN      yasnippet-autoloads.el
    > Building doom-snippets...
      INFO     Scraping files for loaddefs... 
      INFO     Scraping files for loaddefs...done
      GEN      doom-snippets-autoloads.el
    > Cloning auto-yasnippet...
      - Pinned to 6a9e406d0d7f9dfd6dff7647f358cb05a0b1637e
    > Building auto-yasnippet...
      INFO     Scraping files for loaddefs... 
      INFO     Scraping files for loaddefs...done
      GEN      auto-yasnippet-autoloads.el
    > Cloning evil-vimish-fold...
      - Pinned to b6e0e6b91b8cd047e80debef1a536d9d49eef31a
    > Building evil-vimish-fold...
    > Building evil-vimish-fold > Cloning vimish-fold...
      - Pinned to b6e0e6b91b8cd047e80debef1a536d9d49eef31a
    > Building evil-vimish-fold > Building vimish-fold...
      INFO     Scraping files for loaddefs... 
      INFO     Scraping files for loaddefs...done
      GEN      vimish-fold-autoloads.el
    > Building evil-vimish-fold...
      INFO     Scraping files for loaddefs... 
      INFO     Scraping files for loaddefs...done
      GEN      evil-vimish-fold-autoloads.el
    > Cloning evil-collection...
      - Pinned to 6365e7c8ae728f7a26294db261b6778d089a6263
    > Building evil-collection...
    > Building evil-collection > Cloning annalist.el...
      - Pinned to 6365e7c8ae728f7a26294db261b6778d089a6263
    > Building evil-collection > Building annalist...
      INFO     Scraping files for loaddefs... 
      INFO     Scraping files for loaddefs...done
      GEN      annalist-autoloads.el
    > Building evil-collection...
      INFO     Scraping files for loaddefs... 
      INFO     Scraping files for loaddefs...done
      GEN      evil-collection-autoloads.el
    > Cloning evil-quick-diff...
      - Pinned to 69c883720b30a892c63bc89f49d4f0e8b8028908
    > Building evil-quick-diff...
      INFO     Scraping files for loaddefs... 
      INFO     Scraping files for loaddefs...done
      GEN      evil-quick-diff-autoloads.el
    > Cloning exato...
      - Pinned to aee7af7b7a0e7551478f453d1de7d5b9cb2e06c4
    > Building exato...
      INFO     Scraping files for loaddefs... 
      INFO     Scraping files for loaddefs...done
    > Cloning evil-visualstar...
      - Pinned to 06c053d8f7381f91c53311b1234872ca96ced752
    > Building evil-visualstar...
      INFO     Scraping files for loaddefs... 
      INFO     Scraping files for loaddefs...done
      GEN      evil-visualstar-autoloads.el
    > Cloning evil-traces...
      - Pinned to 82e8a7b4213aed140f6eb5f2cc33a09bb5587166
    > Building evil-traces...
      INFO     Scraping files for loaddefs... 
      INFO     Scraping files for loaddefs...done
      GEN      evil-traces-autoloads.el
    > Cloning evil-textobj-anyblock...
      - Pinned to 29280cd71a05429364cdceef2ff595ae8afade4d
    > Building evil-textobj-anyblock...
      INFO     Scraping files for loaddefs... 
      INFO     Scraping files for loaddefs...done
      GEN      evil-textobj-anyblock-autoloads.el
    > Cloning evil-surround...
      - Pinned to da05c60b0621cf33161bb4335153f75ff5c29d91
    > Building evil-surround...
      INFO     Scraping files for loaddefs... 
      INFO     Scraping files for loaddefs...done
      GEN      evil-surround-autoloads.el
    > Cloning evil-snipe...
      - Pinned to c2108d3932fcd2f75ac3e48250d6badd668f5b4f
    > Building evil-snipe...
      INFO     Scraping files for loaddefs... 
      INFO     Scraping files for loaddefs...done
      GEN      evil-snipe-autoloads.el
    > Cloning evil-numbers...
      - Pinned to c7899894515d6be40dfcd589fb27c1801c5b199c
    > Building evil-numbers...
      INFO     Scraping files for loaddefs... 
      INFO     Scraping files for loaddefs...done
      GEN      evil-numbers-autoloads.el
    > Cloning evil-nerd-commenter...
      - Pinned to ae52c5070a48793e2c24474c9c8dbf20175d18a0
    > Building evil-nerd-commenter...
      INFO     Scraping files for loaddefs... 
      INFO     Scraping files for loaddefs...done
      GEN      evil-nerd-commenter-autoloads.el
    > Cloning evil-lion...
      - Pinned to 1e838a53b8f18a3c8bdf3e952186abc2ee9cb98e
    > Building evil-lion...
      INFO     Scraping files for loaddefs... 
      INFO     Scraping files for loaddefs...done
      GEN      evil-lion-autoloads.el
    > Cloning evil-indent-plus...
      - Pinned to f392696e4813f1d3a92c7eeed333248914ba6dae
    > Building evil-indent-plus...
      INFO     Scraping files for loaddefs... 
      INFO     Scraping files for loaddefs...done
      GEN      evil-indent-plus-autoloads.el
    > Cloning evil-exchange...
      - Pinned to 5f0a2d41434c17c6fb02e4f744043775de1c63a2
    > Building evil-exchange...
      INFO     Scraping files for loaddefs... 
      INFO     Scraping files for loaddefs...done
      GEN      evil-exchange-autoloads.el
    > Cloning evil-escape...
      - Pinned to 819f1ee1cf3f69a1ae920e6004f2c0baeebbe077
    > Building evil-escape...
      INFO     Scraping files for loaddefs... 
      INFO     Scraping files for loaddefs...done
      GEN      evil-escape-autoloads.el
    > Cloning evil-embrace.el...
      - Checked out 3081d37811b6a3dfaaf01d578c7ab7a746c6064d
    > Building evil-embrace...
    > Building evil-embrace > Cloning embrace.el...
    > Building evil-embrace > Building embrace...
    > Building evil-embrace > Building embrace > Cloning expand-region.el...
    > Building evil-embrace > Building embrace > Building expand-region...
      INFO     Scraping files for loaddefs... 
      INFO     Scraping files for loaddefs...done
      GEN      expand-region-autoloads.el
    > Building evil-embrace > Building embrace...
      INFO     Scraping files for loaddefs... 
      INFO     Scraping files for loaddefs...done
      GEN      embrace-autoloads.el
    > Building evil-embrace...
      INFO     Scraping files for loaddefs... 
      INFO     Scraping files for loaddefs...done
      GEN      evil-embrace-autoloads.el
    > Cloning evil-easymotion...
      - Pinned to f96c2ed38ddc07908db7c3c11bcd6285a3e8c2e9
    > Building evil-easymotion...
      INFO     Scraping files for loaddefs... 
      INFO     Scraping files for loaddefs...done
      GEN      evil-easymotion-autoloads.el
    > Cloning evil-args...
      - Pinned to a8151556f63c9d45d0c44c8a7ef9e5a542f3cdc7
    > Building evil-args...
      INFO     Scraping files for loaddefs... 
      INFO     Scraping files for loaddefs...done
      GEN      evil-args-autoloads.el
    > Cloning persp-mode.el...
      - Checked out 40e9993a9711cba5fb56dfec81a507fabeba9668
    > Building persp-mode...
      INFO     Scraping files for loaddefs... 
      INFO     Scraping files for loaddefs...done
      GEN      persp-mode-autoloads.el
    > Cloning vi-tilde-fringe...
      - Pinned to f1597a8d54535bb1d84b442577b2024e6f910308
    > Building vi-tilde-fringe...
      INFO     Scraping files for loaddefs... 
      INFO     Scraping files for loaddefs...done
      GEN      vi-tilde-fringe-autoloads.el
    > Cloning diff-hl...
      - Pinned to b80ff9b4a772f7ea000e86fbf88175104ddf9557
    > Building diff-hl...
      INFO     Scraping files for loaddefs... 
      INFO     Scraping files for loaddefs...done
      GEN      diff-hl-autoloads.el
    > Cloning evil-goggles...
      - Pinned to 34ca276a85f615d2b45e714c9f8b5875bcb676f3
    > Building evil-goggles...
      INFO     Scraping files for loaddefs... 
      INFO     Scraping files for loaddefs...done
      GEN      evil-goggles-autoloads.el
    > Cloning evil-anzu...
      - Pinned to d1e98ee6976437164627542909a25c6946497899
    > Building evil-anzu...
    > Building evil-anzu > Cloning anzu...
      - Pinned to d1e98ee6976437164627542909a25c6946497899
    > Building evil-anzu > Building anzu...
      INFO     Scraping files for loaddefs... 
      INFO     Scraping files for loaddefs...done
      GEN      anzu-autoloads.el
    > Building evil-anzu...
      INFO     Scraping files for loaddefs... 
      INFO     Scraping files for loaddefs...done
    > Cloning doom-modeline...
      - Pinned to 9920ef511620e9fa5599cb357e48487f758b1bb1
    > Building doom-modeline...
    > Building doom-modeline > Cloning nerd-icons.el...
      - Pinned to 9920ef511620e9fa5599cb357e48487f758b1bb1
    > Building doom-modeline > Building nerd-icons...
      INFO     Scraping files for loaddefs... 
      INFO     Scraping files for loaddefs...done
      GEN      nerd-icons-autoloads.el
    > Building doom-modeline > Cloning shrink-path.el...
      - Pinned to 9920ef511620e9fa5599cb357e48487f758b1bb1
    > Building doom-modeline > Building shrink-path...
      INFO     Scraping files for loaddefs... 
      INFO     Scraping files for loaddefs...done
    > Building doom-modeline...
      INFO     Scraping files for loaddefs... 
      INFO     Scraping files for loaddefs...done
      GEN      doom-modeline-autoloads.el
    > Cloning hl-todo...
      - Pinned to 82eba6b8f7b5a4cbcf22436d5c5b88fb3134f57e
    > Building hl-todo...
      INFO     Scraping files for loaddefs... 
      INFO     Scraping files for loaddefs...done
      GEN      hl-todo-autoloads.el
    > Cloning emacs-solaire-mode...
      - Checked out c9334666bd208f3322e6118d30eba1b2438e2bb9
    > Building solaire-mode...
      INFO     Scraping files for loaddefs... 
      INFO     Scraping files for loaddefs...done
      GEN      solaire-mode-autoloads.el
    > Cloning themes (for doom-themes)...
      - Checked out 1cac71a4b2434036496a49b4440fdba3d0b5b387
    > Building doom-themes...
      INFO     Scraping files for loaddefs... 
      INFO     Scraping files for loaddefs...done
      GEN      doom-themes-autoloads.el
    > Cloning consult-yasnippet...
      - Pinned to 834d39acfe8a7d2c304afbe4d649b9372118c756
    > Building consult-yasnippet...
    > Building consult-yasnippet > Cloning consult...
      - Pinned to 834d39acfe8a7d2c304afbe4d649b9372118c756
    > Building consult-yasnippet > Building consult...
      INFO     Scraping files for loaddefs... 
      INFO     Scraping files for loaddefs...done
      GEN      consult-autoloads.el
    > Building consult-yasnippet...
      INFO     Scraping files for loaddefs... 
      INFO     Scraping files for loaddefs...done
      GEN      consult-yasnippet-autoloads.el
    > Cloning Emacs-wgrep (for wgrep)...
      - Checked out 208b9d01cfffa71037527e3a324684b3ce45ddc4
    > Building wgrep...
      INFO     Scraping files for loaddefs... 
      INFO     Scraping files for loaddefs...done
      GEN      wgrep-autoloads.el
    > Cloning marginalia...
      - Pinned to 50a51c69f006ec8b3ba1c570555d279d4cff6d99
    > Building marginalia...
      INFO     Scraping files for loaddefs... 
      INFO     Scraping files for loaddefs...done
      GEN      marginalia-autoloads.el
    > Cloning embark (for embark-consult)...
      - Checked out 19a13e344e04bbf861eaa74491b23da52b398672
    > Building embark-consult...
    > Building embark-consult > Building embark...
      INFO     Scraping files for loaddefs... 
      INFO     Scraping files for loaddefs...done
      GEN      embark-autoloads.el
    > Building embark-consult...
      INFO     Scraping files for loaddefs... 
      INFO     Scraping files for loaddefs...done
    > Cloning consult-flycheck...
      - Pinned to 3b999ae983900c16c0b5b5c30b7eca640d386a76
    > Building consult-flycheck...
      INFO     Scraping files for loaddefs... 
      INFO     Scraping files for loaddefs...done
      GEN      consult-flycheck-autoloads.el
    > Cloning consult-dir...
      - Pinned to 15891383f34d43acc5bb82bda92239b1f54cf178
    > Building consult-dir...
      INFO     Scraping files for loaddefs... 
      INFO     Scraping files for loaddefs...done
      GEN      consult-dir-autoloads.el
    > Cloning orderless...
      - Pinned to 49d1fdfb80b55699a00b11bc916ad29c0447039b
    > Building orderless...
      INFO     Scraping files for loaddefs... 
      INFO     Scraping files for loaddefs...done
      GEN      orderless-autoloads.el
    > Cloning vertico...
      - Pinned to c682ef50e62237435e9fc287927ce4181b49be90
    > Building vertico...
      INFO     Scraping files for loaddefs... 
      INFO     Scraping files for loaddefs...done
      GEN      vertico-autoloads.el
    > Cloning yasnippet-capf...
      - Pinned to 4c2e33d70cd1d95cf1e08d134b058a6dd90a99c9
    > Building yasnippet-capf...
      INFO     Scraping files for loaddefs... 
      INFO     Scraping files for loaddefs...done
      GEN      yasnippet-capf-autoloads.el
    > Cloning cape...
      - Pinned to 9110956a5155d5e3c460160fa1b4dac59322c229
    > Building cape...
      INFO     Scraping files for loaddefs... 
      INFO     Scraping files for loaddefs...done
      GEN      cape-autoloads.el
    > Cloning corfu...
      - Pinned to 0a616caedf10ebba812a87de3adacd24cd46522b
    > Building corfu...
      INFO     Scraping files for loaddefs... 
      INFO     Scraping files for loaddefs...done
      GEN      corfu-autoloads.el
    > Cloning emacs-which-key...
      - Checked out 38d4308d1143b61e4004b6e7a940686784e51500
    > Building which-key...
      INFO     Scraping files for loaddefs... 
      INFO     Scraping files for loaddefs...done
      GEN      which-key-autoloads.el
    > Cloning general.el...
      - Checked out 826bf2b97a0fb4a34c5eb96ec2b172d682fd548f
    > Building general...
      INFO     Scraping files for loaddefs... 
      INFO     Scraping files for loaddefs...done
      GEN      general-autoloads.el
    > Cloning project...
      - Pinned to 5c77d78936364e2e6e9641af2091fde0bee729ce
    > Building project...
    > Building project > Cloning xref...
      - Pinned to 5c77d78936364e2e6e9641af2091fde0bee729ce
    > Building project > Building xref...
      INFO     Scraping files for loaddefs... 
      INFO     Scraping files for loaddefs...done
      GEN      xref-autoloads.el
    > Building project...
      INFO     Scraping files for loaddefs... 
      INFO     Scraping files for loaddefs...done
      GEN      project-autoloads.el
    > Cloning projectile...
      - Pinned to 8cc2ee8937b89f1639304cbd2526e85b17135372
    > Building projectile...
      INFO     Scraping files for loaddefs... 
      INFO     Scraping files for loaddefs...done
      GEN      projectile-autoloads.el
    > Cloning ws-butler...
      - Pinned to e3a38d93e01014cd47bf5af4924459bd145fd7c4
    > Building ws-butler...
      INFO     Scraping files for loaddefs... 
      INFO     Scraping files for loaddefs...done
      GEN      ws-butler-autoloads.el
    > Cloning smartparens...
      - Pinned to c7519a1b69f196050a13e2230b7532893b077086
    > Building smartparens...
      INFO     Scraping files for loaddefs... 
      INFO     Scraping files for loaddefs...done
      GEN      smartparens-autoloads.el
    > Cloning dtrt-indent...
      - Pinned to a8aa356684804c52f26602d4e315f1306c6f3e59
    > Building dtrt-indent...
      INFO     Scraping files for loaddefs... 
      INFO     Scraping files for loaddefs...done
      GEN      dtrt-indent-autoloads.el
    > Cloning better-jumper...
      - Pinned to 47622213783ece37d5337dc28d33b530540fc319
    > Building better-jumper...
      INFO     Scraping files for loaddefs... 
      INFO     Scraping files for loaddefs...done
      GEN      better-jumper-autoloads.el
    > Cloning restart-emacs...
      - Pinned to 1607da2bc657fe05ae01f7fdf26f716eafead02c
    > Building restart-emacs...
      INFO     Scraping files for loaddefs... 
      INFO     Scraping files for loaddefs...done
      GEN      restart-emacs-autoloads.el
    > Cloning rainbow-delimiters...
      - Pinned to f40ece58df8b2f0fb6c8576b527755a552a5e763
    > Building rainbow-delimiters...
      INFO     Scraping files for loaddefs... 
      INFO     Scraping files for loaddefs...done
      GEN      rainbow-delimiters-autoloads.el
    > Cloning highlight-numbers...
      - Pinned to 8b4744c7f46c72b1d3d599d4fb75ef8183dee307
    > Building highlight-numbers...
    > Building highlight-numbers > Cloning parent-mode...
      - Pinned to 8b4744c7f46c72b1d3d599d4fb75ef8183dee307
    > Building highlight-numbers > Building parent-mode...
      INFO     Scraping files for loaddefs... 
      INFO     Scraping files for loaddefs...done
    > Building highlight-numbers...
      INFO     Scraping files for loaddefs... 
      INFO     Scraping files for loaddefs...done
      GEN      highlight-numbers-autoloads.el
    > Cloning emacs-hide-mode-line...
      - Checked out ddd154f1e04d666cd004bf8212ead8684429350d
    > Building hide-mode-line...
      INFO     Scraping files for loaddefs... 
      INFO     Scraping files for loaddefs...done
      GEN      hide-mode-line-autoloads.el
    > Cloning gcmh...
      - Pinned to 0089f9c3a6d4e9a310d0791cf6fa8f35642ecfd9
    > Building gcmh...
      INFO     Scraping files for loaddefs... 
      INFO     Scraping files for loaddefs...done
      GEN      gcmh-autoloads.el
    > Cloning auto-minor-mode...
      - Pinned to 17cfa1b54800fdef2975c0c0531dad34846a5065
    > Building auto-minor-mode...
      INFO     Scraping files for loaddefs... 
      INFO     Scraping files for loaddefs...done
      GEN      auto-minor-mode-autoloads.el
    > Cloning use-package...
      - Pinned to a6e856418d2ebd053b34e0ab2fda328abeba731c
    > Building use-package...
    > Building use-package > Building bind-key...
      INFO     Scraping files for loaddefs... 
      INFO     Scraping files for loaddefs...done
      GEN      bind-key-autoloads.el
    > Building use-package...
      INFO     Scraping files for loaddefs... 
      INFO     Scraping files for loaddefs...done
      GEN      use-package-autoloads.el
    > Building straight...
      INFO     Scraping files for loaddefs... 
      INFO     Scraping files for loaddefs...done
      GEN      straight-autoloads.el
    ✓ Built 125 package(s)
> Initializing profile bootstrapper...
! No profile loader found. Generating one...
  > Regenerating it...
  > Synchronizing 1 known profile...
    - Added safe-mode
    ✓ Regenerated profile loader: ~/.config/emacs/profiles/load.el
> Synchronizing default profile...
  > (Re)building profile in /home/jacob/.config/emacs/.local/etc/...
    > Deleting old init files...
    > Generating 4 init files...
    > Byte-compiling init.29.el...
    ✓ Built init.29.elc
> Deploying commit-msg and pre-push git hooks
  ✓ Created ~/.config/emacs/.git/hooks/commit-msg
  ✓ Created ~/.config/emacs/.git/hooks/pre-push
✓ Finished! Doom is ready to go!

But before you doom yourself, here are some things you should know:

1. Don't forget to run 'doom sync' and restart Emacs after modifying init.el or
   packages.el in ~/.config/doom. This is never necessary for config.el.

2. If something goes wrong, run `doom doctor` to diagnose common issues with
   your environment, setup, and config.

3. Use 'doom upgrade' to update Doom. Doing it any other way will require
   additional steps (see 'doom help upgrade').

4. Access Doom's documentation from within Emacs via 'SPC h d h' or 'C-h d h'
   (or 'M-x doom/help').

Have fun!

✓ Finished in 2m 45s
